# JRE version: OpenJDK Runtime Environment (8.0_242-b01) (build 1.8.0_242-release-1644-b01)
# Java VM: OpenJDK 64-Bit Server VM (25.242-b01 mixed mode windows-amd64 compressed oops)
Heap:
 PSYoungGen      total 375296K, used 65522K [0x00000000d5580000, 0x00000000ee700000, 0x0000000100000000)
  eden space 349696K, 16% used [0x00000000d5580000,0x00000000d8ed1ae8,0x00000000eab00000)
  from space 25600K, 26% used [0x00000000ece00000,0x00000000ed4aaf60,0x00000000ee700000)
  to   space 30720K, 0% used [0x00000000eab00000,0x00000000eab00000,0x00000000ec900000)
 ParOldGen       total 200192K, used 120939K [0x0000000080000000, 0x000000008c380000, 0x00000000d5580000)
  object space 200192K, 60% used [0x0000000080000000,0x000000008761af48,0x000000008c380000)
 Metaspace       used 95129K, capacity 99278K, committed 99736K, reserved 1136640K
  class space    used 12576K, capacity 13360K, committed 13488K, reserved 1048576K
GC Heap History (10 events):
Event: 120.764 GC heap before
{Heap before GC invocations=28 (full 4):
 PSYoungGen      total 380416K, used 371478K [0x00000000d5580000, 0x00000000ee700000, 0x0000000100000000)
  eden space 349696K, 100% used [0x00000000d5580000,0x00000000eab00000,0x00000000eab00000)
  from space 30720K, 70% used [0x00000000eab00000,0x00000000ec0459f8,0x00000000ec900000)
  to   space 25600K, 0% used [0x00000000ece00000,0x00000000ece00000,0x00000000ee700000)
 ParOldGen       total 200192K, used 84854K [0x0000000080000000, 0x000000008c380000, 0x00000000d5580000)
  object space 200192K, 42% used [0x0000000080000000,0x00000000852dd8f0,0x000000008c380000)
 Metaspace       used 94872K, capacity 99042K, committed 99480K, reserved 1134592K
  class space    used 12564K, capacity 13356K, committed 13488K, reserved 1048576K
Event: 120.833 GC heap after
Heap after GC invocations=28 (full 4):
 PSYoungGen      total 375296K, used 24182K [0x00000000d5580000, 0x00000000ee700000, 0x0000000100000000)
  eden space 349696K, 0% used [0x00000000d5580000,0x00000000d5580000,0x00000000eab00000)
  from space 25600K, 94% used [0x00000000ece00000,0x00000000ee59d910,0x00000000ee700000)
  to   space 30720K, 0% used [0x00000000eab00000,0x00000000eab00000,0x00000000ec900000)
 ParOldGen       total 200192K, used 84854K [0x0000000080000000, 0x000000008c380000, 0x00000000d5580000)
  object space 200192K, 42% used [0x0000000080000000,0x00000000852dd8f0,0x000000008c380000)
 Metaspace       used 94872K, capacity 99042K, committed 99480K, reserved 1134592K
  class space    used 12564K, capacity 13356K, committed 13488K, reserved 1048576K
}
Event: 123.002 GC heap before
{Heap before GC invocations=29 (full 4):
 PSYoungGen      total 375296K, used 373878K [0x00000000d5580000, 0x00000000ee700000, 0x0000000100000000)
  eden space 349696K, 100% used [0x00000000d5580000,0x00000000eab00000,0x00000000eab00000)
  from space 25600K, 94% used [0x00000000ece00000,0x00000000ee59d910,0x00000000ee700000)
  to   space 30720K, 0% used [0x00000000eab00000,0x00000000eab00000,0x00000000ec900000)
 ParOldGen       total 200192K, used 84854K [0x0000000080000000, 0x000000008c380000, 0x00000000d5580000)
  object space 200192K, 42% used [0x0000000080000000,0x00000000852dd8f0,0x000000008c380000)
 Metaspace       used 94918K, capacity 99050K, committed 99480K, reserved 1134592K
  class space    used 12564K, capacity 13356K, committed 13488K, reserved 1048576K
Event: 123.053 GC heap after
Heap after GC invocations=29 (full 4):
 PSYoungGen      total 380416K, used 7628K [0x00000000d5580000, 0x00000000ee700000, 0x0000000100000000)
  eden space 349696K, 0% used [0x00000000d5580000,0x00000000d5580000,0x00000000eab00000)
  from space 30720K, 24% used [0x00000000eab00000,0x00000000eb273358,0x00000000ec900000)
  to   space 25600K, 0% used [0x00000000ece00000,0x00000000ece00000,0x00000000ee700000)
 ParOldGen       total 200192K, used 101838K [0x0000000080000000, 0x000000008c380000, 0x00000000d5580000)
  object space 200192K, 50% used [0x0000000080000000,0x0000000086373bd8,0x000000008c380000)
 Metaspace       used 94918K, capacity 99050K, committed 99480K, reserved 1134592K
  class space    used 12564K, capacity 13356K, committed 13488K, reserved 1048576K
}
Event: 125.119 GC heap before
{Heap before GC invocations=30 (full 4):
 PSYoungGen      total 380416K, used 357324K [0x00000000d5580000, 0x00000000ee700000, 0x0000000100000000)
  eden space 349696K, 100% used [0x00000000d5580000,0x00000000eab00000,0x00000000eab00000)
  from space 30720K, 24% used [0x00000000eab00000,0x00000000eb273358,0x00000000ec900000)
  to   space 25600K, 0% used [0x00000000ece00000,0x00000000ece00000,0x00000000ee700000)
 ParOldGen       total 200192K, used 101838K [0x0000000080000000, 0x000000008c380000, 0x00000000d5580000)
  object space 200192K, 50% used [0x0000000080000000,0x0000000086373bd8,0x000000008c380000)
 Metaspace       used 95003K, capacity 99138K, committed 99736K, reserved 1136640K
  class space    used 12575K, capacity 13360K, committed 13488K, reserved 1048576K
Event: 125.164 GC heap after
Heap after GC invocations=30 (full 4):
 PSYoungGen      total 375296K, used 6928K [0x00000000d5580000, 0x00000000ee700000, 0x0000000100000000)
  eden space 349696K, 0% used [0x00000000d5580000,0x00000000d5580000,0x00000000eab00000)
  from space 25600K, 27% used [0x00000000ece00000,0x00000000ed4c4388,0x00000000ee700000)
  to   space 30720K, 0% used [0x00000000eab00000,0x00000000eab00000,0x00000000ec900000)
 ParOldGen       total 200192K, used 105707K [0x0000000080000000, 0x000000008c380000, 0x00000000d5580000)
  object space 200192K, 52% used [0x0000000080000000,0x000000008673af80,0x000000008c380000)
 Metaspace       used 95003K, capacity 99138K, committed 99736K, reserved 1136640K
  class space    used 12575K, capacity 13360K, committed 13488K, reserved 1048576K
}
Event: 129.566 GC heap before
{Heap before GC invocations=31 (full 4):
 PSYoungGen      total 375296K, used 356624K [0x00000000d5580000, 0x00000000ee700000, 0x0000000100000000)
  eden space 349696K, 100% used [0x00000000d5580000,0x00000000eab00000,0x00000000eab00000)
  from space 25600K, 27% used [0x00000000ece00000,0x00000000ed4c4388,0x00000000ee700000)
  to   space 30720K, 0% used [0x00000000eab00000,0x00000000eab00000,0x00000000ec900000)
 ParOldGen       total 200192K, used 105707K [0x0000000080000000, 0x000000008c380000, 0x00000000d5580000)
  object space 200192K, 52% used [0x0000000080000000,0x000000008673af80,0x000000008c380000)
 Metaspace       used 95046K, capacity 99214K, committed 99736K, reserved 1136640K
  class space    used 12575K, capacity 13360K, committed 13488K, reserved 1048576K
Event: 129.599 GC heap after
Heap after GC invocations=31 (full 4):
 PSYoungGen      total 380416K, used 10701K [0x00000000d5580000, 0x00000000ee700000, 0x0000000100000000)
  eden space 349696K, 0% used [0x00000000d5580000,0x00000000d5580000,0x00000000eab00000)
  from space 30720K, 34% used [0x00000000eab00000,0x00000000eb573600,0x00000000ec900000)
  to   space 25600K, 0% used [0x00000000ece00000,0x00000000ece00000,0x00000000ee700000)
 ParOldGen       total 200192K, used 111191K [0x0000000080000000, 0x000000008c380000, 0x00000000d5580000)
  object space 200192K, 55% used [0x0000000080000000,0x0000000086c95d00,0x000000008c380000)
 Metaspace       used 95046K, capacity 99214K, committed 99736K, reserved 1136640K
  class space    used 12575K, capacity 13360K, committed 13488K, reserved 1048576K
}
Event: 132.028 GC heap before
{Heap before GC invocations=32 (full 4):
 PSYoungGen      total 380416K, used 360397K [0x00000000d5580000, 0x00000000ee700000, 0x0000000100000000)
  eden space 349696K, 100% used [0x00000000d5580000,0x00000000eab00000,0x00000000eab00000)
  from space 30720K, 34% used [0x00000000eab00000,0x00000000eb573600,0x00000000ec900000)
  to   space 25600K, 0% used [0x00000000ece00000,0x00000000ece00000,0x00000000ee700000)
 ParOldGen       total 200192K, used 111191K [0x0000000080000000, 0x000000008c380000, 0x00000000d5580000)
  object space 200192K, 55% used [0x0000000080000000,0x0000000086c95d00,0x000000008c380000)
 Metaspace       used 95119K, capacity 99278K, committed 99736K, reserved 1136640K
  class space    used 12576K, capacity 13360K, committed 13488K, reserved 1048576K
Event: 132.065 GC heap after
Heap after GC invocations=32 (full 4):
 PSYoungGen      total 375296K, used 6827K [0x00000000d5580000, 0x00000000ee700000, 0x0000000100000000)
  eden space 349696K, 0% used [0x00000000d5580000,0x00000000d5580000,0x00000000eab00000)
  from space 25600K, 26% used [0x00000000ece00000,0x00000000ed4aaf60,0x00000000ee700000)
  to   space 30720K, 0% used [0x00000000eab00000,0x00000000eab00000,0x00000000ec900000)
 ParOldGen       total 200192K, used 120939K [0x0000000080000000, 0x000000008c380000, 0x00000000d5580000)
  object space 200192K, 60% used [0x0000000080000000,0x000000008761af48,0x000000008c380000)
 Metaspace       used 95119K, capacity 99278K, committed 99736K, reserved 1136640K
  class space    used 12576K, capacity 13360K, committed 13488K, reserved 1048576K
}

